<?xml version="1.0" encoding="UTF-8"?>
<testng-results skipped="0" failed="0" ignored="0" total="1" passed="1">
  <reporter-output>
  </reporter-output>
  <suite name="Default suite" duration-ms="48210" started-at="2018-05-04T06:36:50Z" finished-at="2018-05-04T06:37:38Z">
    <groups>
    </groups>
    <test name="Default test" duration-ms="48210" started-at="2018-05-04T06:36:50Z" finished-at="2018-05-04T06:37:38Z">
      <class name="tests.ScriptCore">
        <test-method status="PASS" signature="setup()[pri:0, instance:tests.ScriptCore@4b4523f8]" name="setup" is-config="true" duration-ms="2570" started-at="2018-05-04T01:36:50Z" finished-at="2018-05-04T01:36:53Z">
          <reporter-output>
          </reporter-output>
        </test-method> <!-- setup -->
        <test-method status="PASS" signature="test1()[pri:0, instance:tests.ScriptCore@4b4523f8]" name="test1" duration-ms="44130" started-at="2018-05-04T01:36:53Z" finished-at="2018-05-04T01:37:37Z">
          <reporter-output>
          </reporter-output>
        </test-method> <!-- test1 -->
        <test-method status="PASS" signature="tearDown()[pri:0, instance:tests.ScriptCore@4b4523f8]" name="tearDown" is-config="true" duration-ms="1494" started-at="2018-05-04T01:37:37Z" finished-at="2018-05-04T01:37:38Z">
          <reporter-output>
          </reporter-output>
        </test-method> <!-- tearDown -->
      </class> <!-- tests.ScriptCore -->
    </test> <!-- Default test -->
  </suite> <!-- Default suite -->
</testng-results>
